<?xml version="1.0" encoding="UTF-8"?>
<testng-results ignored="0" total="1" passed="1" failed="0" skipped="0">
  <reporter-output>
  </reporter-output>
  <suite started-at="2024-01-15T14:37:22 COT" name="TestSuite" finished-at="2024-01-15T14:37:48 COT" duration-ms="25818">
    <groups>
    </groups>
    <test started-at="2024-01-15T14:37:22 COT" name="buyingAnyLaptop" finished-at="2024-01-15T14:37:48 COT" duration-ms="25818">
      <class name="test.DemoBlazeTest">
        <test-method is-config="true" signature="beforeTest()[pri:0, instance:test.DemoBlazeTest@1ddf84b8]" started-at="2024-01-15T14:37:22 COT" name="beforeTest" finished-at="2024-01-15T14:37:26 COT" duration-ms="3795" status="PASS">
          <reporter-output>
          </reporter-output>
        </test-method> <!-- beforeTest -->
        <test-method signature="buyingAnyLaptop(java.lang.String,java.lang.String,java.lang.String,java.lang.String,java.lang.String,java.lang.String)[pri:0, instance:test.DemoBlazeTest@1ddf84b8]" started-at="2024-01-15T14:37:26 COT" name="buyingAnyLaptop" finished-at="2024-01-15T14:37:48 COT" duration-ms="21840" status="PASS">
          <params>
            <param index="0">
              <value>
                <![CDATA[Luis Molina]]>
              </value>
            </param>
            <param index="1">
              <value>
                <![CDATA[Colombia]]>
              </value>
            </param>
            <param index="2">
              <value>
                <![CDATA[Medellín]]>
              </value>
            </param>
            <param index="3">
              <value>
                <![CDATA[5554123409871913]]>
              </value>
            </param>
            <param index="4">
              <value>
                <![CDATA[12]]>
              </value>
            </param>
            <param index="5">
              <value>
                <![CDATA[2026]]>
              </value>
            </param>
          </params>
          <reporter-output>
          </reporter-output>
        </test-method> <!-- buyingAnyLaptop -->
        <test-method is-config="true" signature="afterTest()[pri:0, instance:test.DemoBlazeTest@1ddf84b8]" started-at="2024-01-15T14:37:48 COT" name="afterTest" finished-at="2024-01-15T14:37:48 COT" duration-ms="146" status="PASS">
          <reporter-output>
          </reporter-output>
        </test-method> <!-- afterTest -->
      </class> <!-- test.DemoBlazeTest -->
    </test> <!-- buyingAnyLaptop -->
  </suite> <!-- TestSuite -->
</testng-results>
